<?xml version="1.0" encoding="UTF-8"?>
<!-- Generated by org.testng.reporters.JUnitXMLReporter -->
<testsuite ignored="0" hostname="BIR-LTEE2449258" failures="3" tests="124" name="Forms Workflow" time="245.811" errors="0" timestamp="2023-09-22T13:26:40 CDT">
  <testcase classname="Execution.formsWorkflow" name="testForCertPage" time="0.689"/>
  <testcase classname="Execution.formsWorkflow" name="clickCreateForm" time="1.75"/>
  <testcase classname="Execution.formsWorkflow" name="inputFormLabel" time="1.272"/>
  <testcase classname="Execution.formsWorkflow" name="inputFormDesc" time="1.982"/>
  <testcase classname="Execution.formsWorkflow" name="selectSave" time="1.728"/>
  <testcase classname="Execution.formsWorkflow" name="deleteForm" time="1.701"/>
  <testcase classname="Execution.formsWorkflow" name="confirmDeleteForm" time="1.697"/>
  <testcase classname="Execution.formsWorkflow" name="clickCreateForm02" time="1.759"/>
  <testcase classname="Execution.formsWorkflow" name="inputFormLabel02" time="2.232"/>
  <testcase classname="Execution.formsWorkflow" name="inputFormDesc02" time="3.204"/>
  <testcase classname="Execution.formsWorkflow" name="selectCancel" time="1.704"/>
  <testcase classname="Execution.formsWorkflow" name="clickCreateForm03" time="1.671"/>
  <testcase classname="Execution.formsWorkflow" name="inputFormLabel03" time="1.846"/>
  <testcase classname="Execution.formsWorkflow" name="inputFormDesc03" time="3.057"/>
  <testcase classname="Execution.formsWorkflow" name="selectSave01" time="1.674"/>
  <testcase classname="Execution.formsWorkflow" name="selectEditProperties" time="1.739"/>
  <testcase classname="Execution.formsWorkflow" name="selectWorkflow" time="3.964"/>
  <testcase classname="Execution.formsWorkflow" name="selectCancelChange" time="1.706"/>
  <testcase classname="Execution.formsWorkflow" name="selectEditProperties2" time="1.707"/>
  <testcase classname="Execution.formsWorkflow" name="selectWorkflow2" time="3.891"/>
  <testcase classname="Execution.formsWorkflow" name="selectNeedToKnow" time="2.523"/>
  <testcase classname="Execution.formsWorkflow" name="selectAvailability" time="2.69"/>
  <testcase classname="Execution.formsWorkflow" name="selectSortPriority" time="1.696"/>
  <testcase classname="Execution.formsWorkflow" name="selectType" time="2.52"/>
  <testcase classname="Execution.formsWorkflow" name="selectSaveProperties" time="1.68"/>
  <testcase classname="Execution.formsWorkflow" name="selectEditCollaborators" time="2.383"/>
  <testcase classname="Execution.formsWorkflow" name="selectAddGroup" time="1.535"/>
  <testcase classname="Execution.formsWorkflow" name="selectAddCollaborators" time="3.421"/>
  <testcase classname="Execution.formsWorkflow" name="selectSaveCollaborators" time="1.647"/>
  <testcase classname="Execution.formsWorkflow" name="closeCollaborators" time="1.781"/>
  <testcase classname="Execution.formsWorkflow" name="selectEditCollaborators2" time="3.083"/>
  <testcase classname="Execution.formsWorkflow" name="selectRemoveCollaborators" time="1.705"/>
  <testcase classname="Execution.formsWorkflow" name="selectAddGroup2" time="1.532"/>
  <testcase classname="Execution.formsWorkflow" name="selectAddCollaborators2" time="3.078"/>
  <testcase classname="Execution.formsWorkflow" name="selectSaveCollaborators02" time="1.686"/>
  <testcase classname="Execution.formsWorkflow" name="closeCollaborators02" time="1.81"/>
  <testcase classname="Execution.formsWorkflow" name="selectAddSectionHeading01" time="1.706"/>
  <testcase classname="Execution.formsWorkflow" name="inputFieldName01" time="2.477"/>
  <testcase classname="Execution.formsWorkflow" name="inputShortLabel01" time="1.207"/>
  <testcase classname="Execution.formsWorkflow" name="selectSingleLineText01" time="2.653"/>
  <testcase classname="Execution.formsWorkflow" name="selectQuestionCancel" time="1.748"/>
  <testcase classname="Execution.formsWorkflow" name="selectAddSectionHeading01R" time="1.699"/>
  <testcase classname="Execution.formsWorkflow" name="inputFieldName01R" time="2.504"/>
  <testcase classname="Execution.formsWorkflow" name="inputShortLabel01R" time="1.208"/>
  <testcase classname="Execution.formsWorkflow" name="selectSingleLineText01R" time="2.591"/>
  <testcase classname="Execution.formsWorkflow" name="inputDefaultAnswer01" time="2.703"/>
  <testcase classname="Execution.formsWorkflow" name="selectFieldRequired01" time="1.725"/>
  <testcase classname="Execution.formsWorkflow" name="selectFieldSensitiveData01" time="1.077"/>
  <testcase classname="Execution.formsWorkflow" name="selectSortValue01" time="1.696"/>
  <testcase classname="Execution.formsWorkflow" name="selectQuestionSave01" time="1.671"/>
  <testcase classname="Execution.formsWorkflow" name="selectEditFieldIcon" time="1.86"/>
  <testcase classname="Execution.formsWorkflow" name="editDefaultAnswer01" time="2.708"/>
  <testcase classname="Execution.formsWorkflow" name="selectAdvancedOptions01" time="1.766"/>
  <testcase classname="Execution.formsWorkflow" name="selectSaveCode01a" time="1.141"/>
  <testcase classname="Execution.formsWorkflow" name="selectSaveCode01b" time="1.135"/>
  <testcase classname="Execution.formsWorkflow" name="selectSaveQuestion01" time="1.659"/>
  <testcase classname="Execution.formsWorkflow" name="selectEditFieldIcon02" time="1.819"/>
  <testcase classname="Execution.formsWorkflow" name="selectAdvancedFormatting" time="1.948"/>
  <testcase classname="Execution.formsWorkflow" name="selectTextToFormat" time="2.882"/>
  <testcase classname="Execution.formsWorkflow" name="formatTextBold" time="1.136"/>
  <testcase classname="Execution.formsWorkflow" name="selectSaveQuestion02" time="1.761"/>
  <testcase classname="Execution.formsWorkflow" name="selectEditFieldIcon03" time="1.811"/>
  <testcase classname="Execution.formsWorkflow" name="showFormatedCode" time="1.794"/>
  <testcase classname="Execution.formsWorkflow" name="validateFormatBold" time="1.727"/>
  <testcase classname="Execution.formsWorkflow" name="selectSave03" time="1.665"/>
  <testcase classname="Execution.formsWorkflow" name="selectEditFieldIcon04" time="1.794"/>
  <testcase classname="Execution.formsWorkflow" name="selectTextToFormat01" time="2.835"/>
  <testcase classname="Execution.formsWorkflow" name="formatTextItalics" time="0.737"/>
  <testcase classname="Execution.formsWorkflow" name="selectSave04" time="1.683"/>
  <testcase classname="Execution.formsWorkflow" name="selectEditFieldIcon05" time="1.791"/>
  <testcase classname="Execution.formsWorkflow" name="showFormatedCode03" time="1.787"/>
  <testcase classname="Execution.formsWorkflow" name="validateFormatItalics" time="1.728"/>
  <testcase classname="Execution.formsWorkflow" name="selectSave05" time="1.698"/>
  <testcase classname="Execution.formsWorkflow" name="addSubQuestion01S01" time="1.865"/>
  <testcase classname="Execution.formsWorkflow" name="inputFieldName01S01" time="3.221"/>
  <testcase classname="Execution.formsWorkflow" name="inputShortLabel01S01" time="1.389"/>
  <testcase classname="Execution.formsWorkflow" name="selectMultiLineText01S01" time="2.607"/>
  <testcase classname="Execution.formsWorkflow" name="inputDefaultAnswer01S01" time="2.798"/>
  <testcase classname="Execution.formsWorkflow" name="selectFieldRequired01S01" time="1.762"/>
  <testcase classname="Execution.formsWorkflow" name="selectFieldSensitiveData01S01" time="1.068"/>
  <testcase classname="Execution.formsWorkflow" name="selectSortValue01S01" time="1.784"/>
  <testcase classname="Execution.formsWorkflow" name="selectQuestionSave01S01" time="1.765"/>
  <testcase classname="Execution.formsWorkflow" name="addSubQuestion01S02" time="1.135"/>
  <testcase classname="Execution.formsWorkflow" name="inputFieldName01S02" time="2.607"/>
  <testcase classname="Execution.formsWorkflow" name="inputShortLabel01S02" time="1.379"/>
  <testcase classname="Execution.formsWorkflow" name="selectGrid01S02" time="2.692"/>
  <testcase classname="Execution.formsWorkflow" name="inputColumnTitle01" time="1.51"/>
  <testcase classname="Execution.formsWorkflow" name="selectColumnType01" time="2.816"/>
  <testcase classname="Execution.formsWorkflow" name="inputDefaultAnswer01S02" time="2.776"/>
  <testcase classname="Execution.formsWorkflow" name="selectFieldRequired01S02" time="1.825"/>
  <testcase classname="Execution.formsWorkflow" name="selectFieldSensitiveData01S02" time="1.058"/>
  <testcase classname="Execution.formsWorkflow" name="selectSortValue01S02" time="1.776"/>
  <testcase classname="Execution.formsWorkflow" name="selectQuestionSave01S02" time="2.608"/>
  <testcase classname="Execution.formsWorkflow" name="editQuestion01S02" time="1.809"/>
  <testcase classname="Execution.formsWorkflow" name="addNewColumn02" time="1.799"/>
  <testcase classname="Execution.formsWorkflow" name="inputColumnTitle02" time="1.479"/>
  <testcase classname="Execution.formsWorkflow" name="selectColumnType02" time="2.641"/>
  <testcase classname="Execution.formsWorkflow" name="addNewColumn03" time="1.779"/>
  <testcase classname="Execution.formsWorkflow" name="inputColumnTitle03" time="1.765"/>
  <testcase classname="Execution.formsWorkflow" name="selectColumnType03" time="2.598"/>
  <testcase classname="Execution.formsWorkflow" name="populateDDLOptions" time="2.161"/>
  <testcase classname="Execution.formsWorkflow" name="addNewColumn04" time="1.775"/>
  <testcase classname="Execution.formsWorkflow" name="inputColumnTitle04" time="1.704"/>
  <testcase classname="Execution.formsWorkflow" name="selectColumnType04" time="2.72"/>
  <testcase classname="Execution.formsWorkflow" name="selectQuestionSave01S02_02" time="1.78"/>
  <testcase classname="Execution.formsWorkflow" name="editQuestion01S02_2" time="1.789"/>
  <testcase classname="Execution.formsWorkflow" name="moveCol1_3PositionsR" time="0.69">
    <failure type="org.openqa.selenium.NoSuchElementException" message="no such element: Unable to locate element: {&amp;quot;method&amp;quot;:&amp;quot;xpath&amp;quot;,&amp;quot;selector&amp;quot;:&amp;quot;/html/body/div[5]/div[2]/form/div/main/fieldset[3]/div[3]/div/div[1]/img[2]&amp;quot;}
  (Session info: chrome=114.0.5735.110)
For documentation on this error, please visit: https://www.seleniumhq.org/exceptions/no_such_element.html
Build info: version: &amp;apos;3.141.59&amp;apos;, revision: &amp;apos;e82be7d358&amp;apos;, time: &amp;apos;2018-11-14T08:25:48&amp;apos;
System info: host: &amp;apos;BIR-LTEE2449258&amp;apos;, ip: &amp;apos;10.212.250.209&amp;apos;, os.name: &amp;apos;Windows 10&amp;apos;, os.arch: &amp;apos;amd64&amp;apos;, os.version: &amp;apos;10.0&amp;apos;, java.version: &amp;apos;15.0.2&amp;apos;
Driver info: org.openqa.selenium.chrome.ChromeDriver
Capabilities {acceptInsecureCerts: false, browserName: chrome, browserVersion: 114.0.5735.110, chrome: {chromedriverVersion: 114.0.5735.16 (7e1ff058633f..., userDataDir: C:\Users\OITBIRRichaM1\Chro...}, goog:chromeOptions: {debuggerAddress: localhost:62943}, javascriptEnabled: true, networkConnectionEnabled: false, pageLoadStrategy: normal, platform: WINDOWS, platformName: WINDOWS, proxy: Proxy(), setWindowRect: true, strictFileInteractability: false, timeouts: {implicit: 0, pageLoad: 300000, script: 30000}, unhandledPromptBehavior: dismiss and notify, webauthn:extension:credBlob: true, webauthn:extension:largeBlob: true, webauthn:extension:minPinLength: true, webauthn:extension:prf: true, webauthn:virtualAuthenticators: true}
Session ID: 8f0c6fd27a3d8dfecae36aa1413c9d38
*** Element info: {Using=xpath, value=/html/body/div[5]/div[2]/form/div/main/fieldset[3]/div[3]/div/div[1]/img[2]}">
      <![CDATA[org.openqa.selenium.NoSuchElementException: no such element: Unable to locate element: {"method":"xpath","selector":"/html/body/div[5]/div[2]/form/div/main/fieldset[3]/div[3]/div/div[1]/img[2]"}
  (Session info: chrome=114.0.5735.110)
For documentation on this error, please visit: https://www.seleniumhq.org/exceptions/no_such_element.html
Build info: version: '3.141.59', revision: 'e82be7d358', time: '2018-11-14T08:25:48'
System info: host: 'BIR-LTEE2449258', ip: '10.212.250.209', os.name: 'Windows 10', os.arch: 'amd64', os.version: '10.0', java.version: '15.0.2'
Driver info: org.openqa.selenium.chrome.ChromeDriver
Capabilities {acceptInsecureCerts: false, browserName: chrome, browserVersion: 114.0.5735.110, chrome: {chromedriverVersion: 114.0.5735.16 (7e1ff058633f..., userDataDir: C:\Users\OITBIRRichaM1\Chro...}, goog:chromeOptions: {debuggerAddress: localhost:62943}, javascriptEnabled: true, networkConnectionEnabled: false, pageLoadStrategy: normal, platform: WINDOWS, platformName: WINDOWS, proxy: Proxy(), setWindowRect: true, strictFileInteractability: false, timeouts: {implicit: 0, pageLoad: 300000, script: 30000}, unhandledPromptBehavior: dismiss and notify, webauthn:extension:credBlob: true, webauthn:extension:largeBlob: true, webauthn:extension:minPinLength: true, webauthn:extension:prf: true, webauthn:virtualAuthenticators: true}
Session ID: 8f0c6fd27a3d8dfecae36aa1413c9d38
*** Element info: {Using=xpath, value=/html/body/div[5]/div[2]/form/div/main/fieldset[3]/div[3]/div/div[1]/img[2]}
at org.openqa.selenium.remote.http.W3CHttpResponseCodec.createException(W3CHttpResponseCodec.java:187)
at org.openqa.selenium.remote.http.W3CHttpResponseCodec.decode(W3CHttpResponseCodec.java:122)
at org.openqa.selenium.remote.http.W3CHttpResponseCodec.decode(W3CHttpResponseCodec.java:49)
at org.openqa.selenium.remote.HttpCommandExecutor.execute(HttpCommandExecutor.java:158)
at org.openqa.selenium.remote.service.DriverCommandExecutor.execute(DriverCommandExecutor.java:83)
at org.openqa.selenium.remote.RemoteWebDriver.execute(RemoteWebDriver.java:552)
at org.openqa.selenium.remote.RemoteWebDriver.findElement(RemoteWebDriver.java:323)
at org.openqa.selenium.remote.RemoteWebDriver.findElementByXPath(RemoteWebDriver.java:428)
at org.openqa.selenium.By$ByXPath.findElement(By.java:353)
at org.openqa.selenium.remote.RemoteWebDriver.findElement(RemoteWebDriver.java:315)
at Execution.formsWorkflow.moveCol1_3PositionsR(formsWorkflow.java:1856)
at java.base/java.util.ArrayList.forEach(ArrayList.java:1511)
... Removed 32 stack frames]]>
    </failure>
  </testcase> <!-- moveCol1_3PositionsR -->
  <testcase classname="Execution.formsWorkflow" name="moveCol2_1PositionsR" time="0.683">
    <failure type="org.openqa.selenium.NoSuchElementException" message="no such element: Unable to locate element: {&amp;quot;method&amp;quot;:&amp;quot;xpath&amp;quot;,&amp;quot;selector&amp;quot;:&amp;quot;/html/body/div[5]/div[2]/form/div/main/fieldset[3]/div[3]/div/div[2]/img[2]&amp;quot;}
  (Session info: chrome=114.0.5735.110)
For documentation on this error, please visit: https://www.seleniumhq.org/exceptions/no_such_element.html
Build info: version: &amp;apos;3.141.59&amp;apos;, revision: &amp;apos;e82be7d358&amp;apos;, time: &amp;apos;2018-11-14T08:25:48&amp;apos;
System info: host: &amp;apos;BIR-LTEE2449258&amp;apos;, ip: &amp;apos;10.212.250.209&amp;apos;, os.name: &amp;apos;Windows 10&amp;apos;, os.arch: &amp;apos;amd64&amp;apos;, os.version: &amp;apos;10.0&amp;apos;, java.version: &amp;apos;15.0.2&amp;apos;
Driver info: org.openqa.selenium.chrome.ChromeDriver
Capabilities {acceptInsecureCerts: false, browserName: chrome, browserVersion: 114.0.5735.110, chrome: {chromedriverVersion: 114.0.5735.16 (7e1ff058633f..., userDataDir: C:\Users\OITBIRRichaM1\Chro...}, goog:chromeOptions: {debuggerAddress: localhost:62943}, javascriptEnabled: true, networkConnectionEnabled: false, pageLoadStrategy: normal, platform: WINDOWS, platformName: WINDOWS, proxy: Proxy(), setWindowRect: true, strictFileInteractability: false, timeouts: {implicit: 0, pageLoad: 300000, script: 30000}, unhandledPromptBehavior: dismiss and notify, webauthn:extension:credBlob: true, webauthn:extension:largeBlob: true, webauthn:extension:minPinLength: true, webauthn:extension:prf: true, webauthn:virtualAuthenticators: true}
Session ID: 8f0c6fd27a3d8dfecae36aa1413c9d38
*** Element info: {Using=xpath, value=/html/body/div[5]/div[2]/form/div/main/fieldset[3]/div[3]/div/div[2]/img[2]}">
      <![CDATA[org.openqa.selenium.NoSuchElementException: no such element: Unable to locate element: {"method":"xpath","selector":"/html/body/div[5]/div[2]/form/div/main/fieldset[3]/div[3]/div/div[2]/img[2]"}
  (Session info: chrome=114.0.5735.110)
For documentation on this error, please visit: https://www.seleniumhq.org/exceptions/no_such_element.html
Build info: version: '3.141.59', revision: 'e82be7d358', time: '2018-11-14T08:25:48'
System info: host: 'BIR-LTEE2449258', ip: '10.212.250.209', os.name: 'Windows 10', os.arch: 'amd64', os.version: '10.0', java.version: '15.0.2'
Driver info: org.openqa.selenium.chrome.ChromeDriver
Capabilities {acceptInsecureCerts: false, browserName: chrome, browserVersion: 114.0.5735.110, chrome: {chromedriverVersion: 114.0.5735.16 (7e1ff058633f..., userDataDir: C:\Users\OITBIRRichaM1\Chro...}, goog:chromeOptions: {debuggerAddress: localhost:62943}, javascriptEnabled: true, networkConnectionEnabled: false, pageLoadStrategy: normal, platform: WINDOWS, platformName: WINDOWS, proxy: Proxy(), setWindowRect: true, strictFileInteractability: false, timeouts: {implicit: 0, pageLoad: 300000, script: 30000}, unhandledPromptBehavior: dismiss and notify, webauthn:extension:credBlob: true, webauthn:extension:largeBlob: true, webauthn:extension:minPinLength: true, webauthn:extension:prf: true, webauthn:virtualAuthenticators: true}
Session ID: 8f0c6fd27a3d8dfecae36aa1413c9d38
*** Element info: {Using=xpath, value=/html/body/div[5]/div[2]/form/div/main/fieldset[3]/div[3]/div/div[2]/img[2]}
at org.openqa.selenium.remote.http.W3CHttpResponseCodec.createException(W3CHttpResponseCodec.java:187)
at org.openqa.selenium.remote.http.W3CHttpResponseCodec.decode(W3CHttpResponseCodec.java:122)
at org.openqa.selenium.remote.http.W3CHttpResponseCodec.decode(W3CHttpResponseCodec.java:49)
at org.openqa.selenium.remote.HttpCommandExecutor.execute(HttpCommandExecutor.java:158)
at org.openqa.selenium.remote.service.DriverCommandExecutor.execute(DriverCommandExecutor.java:83)
at org.openqa.selenium.remote.RemoteWebDriver.execute(RemoteWebDriver.java:552)
at org.openqa.selenium.remote.RemoteWebDriver.findElement(RemoteWebDriver.java:323)
at org.openqa.selenium.remote.RemoteWebDriver.findElementByXPath(RemoteWebDriver.java:428)
at org.openqa.selenium.By$ByXPath.findElement(By.java:353)
at org.openqa.selenium.remote.RemoteWebDriver.findElement(RemoteWebDriver.java:315)
at Execution.formsWorkflow.moveCol2_1PositionsR(formsWorkflow.java:1899)
at java.base/java.util.ArrayList.forEach(ArrayList.java:1511)
... Removed 32 stack frames]]>
    </failure>
  </testcase> <!-- moveCol2_1PositionsR -->
  <testcase classname="Execution.formsWorkflow" name="moveCol2_1PositionsL" time="0.673">
    <failure type="org.openqa.selenium.NoSuchElementException" message="no such element: Unable to locate element: {&amp;quot;method&amp;quot;:&amp;quot;xpath&amp;quot;,&amp;quot;selector&amp;quot;:&amp;quot;/html/body/div[5]/div[2]/form/div/main/fieldset[3]/div[3]/div/div[2]/img[1]&amp;quot;}
  (Session info: chrome=114.0.5735.110)
For documentation on this error, please visit: https://www.seleniumhq.org/exceptions/no_such_element.html
Build info: version: &amp;apos;3.141.59&amp;apos;, revision: &amp;apos;e82be7d358&amp;apos;, time: &amp;apos;2018-11-14T08:25:48&amp;apos;
System info: host: &amp;apos;BIR-LTEE2449258&amp;apos;, ip: &amp;apos;10.212.250.209&amp;apos;, os.name: &amp;apos;Windows 10&amp;apos;, os.arch: &amp;apos;amd64&amp;apos;, os.version: &amp;apos;10.0&amp;apos;, java.version: &amp;apos;15.0.2&amp;apos;
Driver info: org.openqa.selenium.chrome.ChromeDriver
Capabilities {acceptInsecureCerts: false, browserName: chrome, browserVersion: 114.0.5735.110, chrome: {chromedriverVersion: 114.0.5735.16 (7e1ff058633f..., userDataDir: C:\Users\OITBIRRichaM1\Chro...}, goog:chromeOptions: {debuggerAddress: localhost:62943}, javascriptEnabled: true, networkConnectionEnabled: false, pageLoadStrategy: normal, platform: WINDOWS, platformName: WINDOWS, proxy: Proxy(), setWindowRect: true, strictFileInteractability: false, timeouts: {implicit: 0, pageLoad: 300000, script: 30000}, unhandledPromptBehavior: dismiss and notify, webauthn:extension:credBlob: true, webauthn:extension:largeBlob: true, webauthn:extension:minPinLength: true, webauthn:extension:prf: true, webauthn:virtualAuthenticators: true}
Session ID: 8f0c6fd27a3d8dfecae36aa1413c9d38
*** Element info: {Using=xpath, value=/html/body/div[5]/div[2]/form/div/main/fieldset[3]/div[3]/div/div[2]/img[1]}">
      <![CDATA[org.openqa.selenium.NoSuchElementException: no such element: Unable to locate element: {"method":"xpath","selector":"/html/body/div[5]/div[2]/form/div/main/fieldset[3]/div[3]/div/div[2]/img[1]"}
  (Session info: chrome=114.0.5735.110)
For documentation on this error, please visit: https://www.seleniumhq.org/exceptions/no_such_element.html
Build info: version: '3.141.59', revision: 'e82be7d358', time: '2018-11-14T08:25:48'
System info: host: 'BIR-LTEE2449258', ip: '10.212.250.209', os.name: 'Windows 10', os.arch: 'amd64', os.version: '10.0', java.version: '15.0.2'
Driver info: org.openqa.selenium.chrome.ChromeDriver
Capabilities {acceptInsecureCerts: false, browserName: chrome, browserVersion: 114.0.5735.110, chrome: {chromedriverVersion: 114.0.5735.16 (7e1ff058633f..., userDataDir: C:\Users\OITBIRRichaM1\Chro...}, goog:chromeOptions: {debuggerAddress: localhost:62943}, javascriptEnabled: true, networkConnectionEnabled: false, pageLoadStrategy: normal, platform: WINDOWS, platformName: WINDOWS, proxy: Proxy(), setWindowRect: true, strictFileInteractability: false, timeouts: {implicit: 0, pageLoad: 300000, script: 30000}, unhandledPromptBehavior: dismiss and notify, webauthn:extension:credBlob: true, webauthn:extension:largeBlob: true, webauthn:extension:minPinLength: true, webauthn:extension:prf: true, webauthn:virtualAuthenticators: true}
Session ID: 8f0c6fd27a3d8dfecae36aa1413c9d38
*** Element info: {Using=xpath, value=/html/body/div[5]/div[2]/form/div/main/fieldset[3]/div[3]/div/div[2]/img[1]}
at org.openqa.selenium.remote.http.W3CHttpResponseCodec.createException(W3CHttpResponseCodec.java:187)
at org.openqa.selenium.remote.http.W3CHttpResponseCodec.decode(W3CHttpResponseCodec.java:122)
at org.openqa.selenium.remote.http.W3CHttpResponseCodec.decode(W3CHttpResponseCodec.java:49)
at org.openqa.selenium.remote.HttpCommandExecutor.execute(HttpCommandExecutor.java:158)
at org.openqa.selenium.remote.service.DriverCommandExecutor.execute(DriverCommandExecutor.java:83)
at org.openqa.selenium.remote.RemoteWebDriver.execute(RemoteWebDriver.java:552)
at org.openqa.selenium.remote.RemoteWebDriver.findElement(RemoteWebDriver.java:323)
at org.openqa.selenium.remote.RemoteWebDriver.findElementByXPath(RemoteWebDriver.java:428)
at org.openqa.selenium.By$ByXPath.findElement(By.java:353)
at org.openqa.selenium.remote.RemoteWebDriver.findElement(RemoteWebDriver.java:315)
at Execution.formsWorkflow.moveCol2_1PositionsL(formsWorkflow.java:1912)
at java.base/java.util.ArrayList.forEach(ArrayList.java:1511)
... Removed 32 stack frames]]>
    </failure>
  </testcase> <!-- moveCol2_1PositionsL -->
  <testcase classname="Execution.formsWorkflow" name="selectQuestionSave01S02b" time="1.785"/>
  <testcase classname="Execution.formsWorkflow" name="selectSubSubQuestion01S01S01" time="1.793"/>
  <testcase classname="Execution.formsWorkflow" name="inputFieldName01S01S01" time="3.275"/>
  <testcase classname="Execution.formsWorkflow" name="inputShortLabel01S01S01" time="1.561"/>
  <testcase classname="Execution.formsWorkflow" name="selectNumeric01S01S01" time="2.665"/>
  <testcase classname="Execution.formsWorkflow" name="inputDefaultAnswer01S01S01" time="1.101"/>
  <testcase classname="Execution.formsWorkflow" name="selectFieldRequired01S01S01" time="1.507"/>
  <testcase classname="Execution.formsWorkflow" name="selectFieldSensitiveData01S01S01" time="1.068"/>
  <testcase classname="Execution.formsWorkflow" name="selectSortValue01S01S01" time="1.481"/>
  <testcase classname="Execution.formsWorkflow" name="selectQuestionSave01S01S01" time="1.635"/>
  <testcase classname="Execution.formsWorkflow" name="selectEditProperties02" time="1.807"/>
  <testcase classname="Execution.formsWorkflow" name="changeFormName" time="1.355"/>
  <testcase classname="Execution.formsWorkflow" name="changeDescription" time="2.655"/>
  <testcase classname="Execution.formsWorkflow" name="selectSortPriority02" time="1.815"/>
  <testcase classname="Execution.formsWorkflow" name="selectSave06" time="1.679"/>
</testsuite> <!-- Forms Workflow -->
