<?xml version="1.0" encoding="UTF-8"?>
<!-- Generated by org.testng.reporters.JUnitReportReporter -->
<testsuite hostname="BIR-LTEE2449258" failures="0" tests="42" name="Execution.formsWorkflowPart3" time="85.677" errors="1" timestamp="2023-11-20T15:18:46 CST" skipped="0">
  <testcase classname="Execution.formsWorkflowPart3" name="testForCertPage" time="0.592"/>
  <system-out/>
  <testcase classname="Execution.formsWorkflowPart3" name="selectCurrentFormByXpath" time="2.809"/>
  <system-out/>
  <testcase classname="Execution.formsWorkflowPart3" name="viewHistory" time="1.727"/>
  <system-out/>
  <testcase classname="Execution.formsWorkflowPart3" name="viewHistoryNext" time="1.750"/>
  <system-out/>
  <testcase classname="Execution.formsWorkflowPart3" name="viewHistoryBack" time="1.614"/>
  <system-out/>
  <testcase classname="Execution.formsWorkflowPart3" name="viewHistoryClose" time="1.584"/>
  <system-out/>
  <testcase classname="Execution.formsWorkflowPart3" name="selectStapleForm" time="1.712"/>
  <system-out/>
  <testcase classname="Execution.formsWorkflowPart3" name="selectFormToMergeButton" time="2.644"/>
  <system-out/>
  <testcase classname="Execution.formsWorkflowPart3" name="selectFormToBeStapled" time="3.013"/>
  <system-out/>
  <testcase classname="Execution.formsWorkflowPart3" name="saveStapledFormSelection" time="1.671"/>
  <system-out/>
  <testcase classname="Execution.formsWorkflowPart3" name="verifyStapledForm" time="0.692">
    <error message="no such element: Unable to locate element: {&quot;method&quot;:&quot;xpath&quot;,&quot;selector&quot;:&quot;//li[contains(text(), &#039;Staple Test [ Remove ]&#039;)]&quot;}
  (Session info: chrome=117.0.5938.150)
For documentation on this error, please visit: https://www.seleniumhq.org/exceptions/no_such_element.html
Build info: version: &#039;3.141.59&#039;, revision: &#039;e82be7d358&#039;, time: &#039;2018-11-14T08:25:48&#039;
System info: host: &#039;BIR-LTEE2449258&#039;, ip: &#039;10.235.192.70&#039;, os.name: &#039;Windows 10&#039;, os.arch: &#039;amd64&#039;, os.version: &#039;10.0&#039;, java.version: &#039;17.0.8.1&#039;
Driver info: org.openqa.selenium.chrome.ChromeDriver
Capabilities {acceptInsecureCerts: false, browserName: chrome, browserVersion: 117.0.5938.150, chrome: {chromedriverVersion: 117.0.5938.149 (e3344ddefa1..., userDataDir: C:\Users\OITBIRRichaM1\Chro...}, fedcm:accounts: true, goog:chromeOptions: {debuggerAddress: localhost:49487}, javascriptEnabled: true, networkConnectionEnabled: false, pageLoadStrategy: normal, platform: WINDOWS, platformName: WINDOWS, proxy: Proxy(), setWindowRect: true, strictFileInteractability: false, timeouts: {implicit: 0, pageLoad: 300000, script: 30000}, unhandledPromptBehavior: dismiss and notify, webauthn:extension:credBlob: true, webauthn:extension:largeBlob: true, webauthn:extension:minPinLength: true, webauthn:extension:prf: true, webauthn:virtualAuthenticators: true}
Session ID: 58357dc85c13556e94f484253abeff71
*** Element info: {Using=xpath, value=//li[contains(text(), &#039;Staple Test [ Remove ]&#039;)]}" type="org.openqa.selenium.NoSuchElementException">
      <![CDATA[org.openqa.selenium.NoSuchElementException: no such element: Unable to locate element: {"method":"xpath","selector":"//li[contains(text(), 'Staple Test [ Remove ]')]"}
  (Session info: chrome=117.0.5938.150)
For documentation on this error, please visit: https://www.seleniumhq.org/exceptions/no_such_element.html
Build info: version: '3.141.59', revision: 'e82be7d358', time: '2018-11-14T08:25:48'
System info: host: 'BIR-LTEE2449258', ip: '10.235.192.70', os.name: 'Windows 10', os.arch: 'amd64', os.version: '10.0', java.version: '17.0.8.1'
Driver info: org.openqa.selenium.chrome.ChromeDriver
Capabilities {acceptInsecureCerts: false, browserName: chrome, browserVersion: 117.0.5938.150, chrome: {chromedriverVersion: 117.0.5938.149 (e3344ddefa1..., userDataDir: C:\Users\OITBIRRichaM1\Chro...}, fedcm:accounts: true, goog:chromeOptions: {debuggerAddress: localhost:49487}, javascriptEnabled: true, networkConnectionEnabled: false, pageLoadStrategy: normal, platform: WINDOWS, platformName: WINDOWS, proxy: Proxy(), setWindowRect: true, strictFileInteractability: false, timeouts: {implicit: 0, pageLoad: 300000, script: 30000}, unhandledPromptBehavior: dismiss and notify, webauthn:extension:credBlob: true, webauthn:extension:largeBlob: true, webauthn:extension:minPinLength: true, webauthn:extension:prf: true, webauthn:virtualAuthenticators: true}
Session ID: 58357dc85c13556e94f484253abeff71
*** Element info: {Using=xpath, value=//li[contains(text(), 'Staple Test [ Remove ]')]}
at jdk.internal.reflect.GeneratedConstructorAccessor12.newInstance(Unknown Source)
at java.base/jdk.internal.reflect.DelegatingConstructorAccessorImpl.newInstance(DelegatingConstructorAccessorImpl.java:45)
at java.base/java.lang.reflect.Constructor.newInstanceWithCaller(Constructor.java:499)
at java.base/java.lang.reflect.Constructor.newInstance(Constructor.java:480)
at org.openqa.selenium.remote.http.W3CHttpResponseCodec.createException(W3CHttpResponseCodec.java:187)
at org.openqa.selenium.remote.http.W3CHttpResponseCodec.decode(W3CHttpResponseCodec.java:122)
at org.openqa.selenium.remote.http.W3CHttpResponseCodec.decode(W3CHttpResponseCodec.java:49)
at org.openqa.selenium.remote.HttpCommandExecutor.execute(HttpCommandExecutor.java:158)
at org.openqa.selenium.remote.service.DriverCommandExecutor.execute(DriverCommandExecutor.java:83)
at org.openqa.selenium.remote.RemoteWebDriver.execute(RemoteWebDriver.java:552)
at org.openqa.selenium.remote.RemoteWebDriver.findElement(RemoteWebDriver.java:323)
at org.openqa.selenium.remote.RemoteWebDriver.findElementByXPath(RemoteWebDriver.java:428)
at org.openqa.selenium.By$ByXPath.findElement(By.java:353)
at org.openqa.selenium.remote.RemoteWebDriver.findElement(RemoteWebDriver.java:315)
at Execution.formsWorkflowPart3.verifyStapledForm(formsWorkflowPart3.java:264)
at java.base/jdk.internal.reflect.NativeMethodAccessorImpl.invoke0(Native Method)
at java.base/jdk.internal.reflect.NativeMethodAccessorImpl.invoke(NativeMethodAccessorImpl.java:77)
at java.base/jdk.internal.reflect.DelegatingMethodAccessorImpl.invoke(DelegatingMethodAccessorImpl.java:43)
at java.base/java.lang.reflect.Method.invoke(Method.java:568)
at org.testng.internal.MethodInvocationHelper.invokeMethod(MethodInvocationHelper.java:133)
at org.testng.internal.TestInvoker.invokeMethod(TestInvoker.java:598)
at org.testng.internal.TestInvoker.invokeTestMethod(TestInvoker.java:173)
at org.testng.internal.MethodRunner.runInSequence(MethodRunner.java:46)
at org.testng.internal.TestInvoker$MethodInvocationAgent.invoke(TestInvoker.java:824)
at org.testng.internal.TestInvoker.invokeTestMethods(TestInvoker.java:146)
at org.testng.internal.TestMethodWorker.invokeTestMethods(TestMethodWorker.java:146)
at org.testng.internal.TestMethodWorker.run(TestMethodWorker.java:128)
at java.base/java.util.ArrayList.forEach(ArrayList.java:1511)
at org.testng.TestRunner.privateRun(TestRunner.java:794)
at org.testng.TestRunner.run(TestRunner.java:596)
at org.testng.SuiteRunner.runTest(SuiteRunner.java:377)
at org.testng.SuiteRunner.runSequentially(SuiteRunner.java:371)
at org.testng.SuiteRunner.privateRun(SuiteRunner.java:332)
at org.testng.SuiteRunner.run(SuiteRunner.java:276)
at org.testng.SuiteRunnerWorker.runSuite(SuiteRunnerWorker.java:53)
at org.testng.SuiteRunnerWorker.run(SuiteRunnerWorker.java:96)
at org.testng.TestNG.runSuitesSequentially(TestNG.java:1212)
at org.testng.TestNG.runSuitesLocally(TestNG.java:1134)
at org.testng.TestNG.runSuites(TestNG.java:1063)
at org.testng.TestNG.run(TestNG.java:1031)
at org.testng.remote.AbstractRemoteTestNG.run(AbstractRemoteTestNG.java:115)
at org.testng.remote.RemoteTestNG.initAndRun(RemoteTestNG.java:251)
at org.testng.remote.RemoteTestNG.main(RemoteTestNG.java:77)
]]>
    </error>
  </testcase> <!-- verifyStapledForm -->
  <system-out/>
  <testcase classname="Execution.formsWorkflowPart3" name="closeStapleFormDialogue" time="1.659"/>
  <system-out/>
  <testcase classname="Execution.formsWorkflowPart3" name="selectViewAllForms" time="1.712"/>
  <system-out/>
  <testcase classname="Execution.formsWorkflowPart3" name="selectCurrentFormByXpath02" time="2.652"/>
  <system-out/>
  <testcase classname="Execution.formsWorkflowPart3" name="selectStapleForm02" time="1.667"/>
  <system-out/>
  <testcase classname="Execution.formsWorkflowPart3" name="removeStapledForm" time="1.719"/>
  <system-out/>
  <testcase classname="Execution.formsWorkflowPart3" name="closeStapledFormDialogue" time="1.652"/>
  <system-out/>
  <testcase classname="Execution.formsWorkflowPart3" name="addInternalUseForm" time="1.721"/>
  <system-out/>
  <testcase classname="Execution.formsWorkflowPart3" name="inputFormLabel" time="2.218"/>
  <system-out/>
  <testcase classname="Execution.formsWorkflowPart3" name="inputFormDesc" time="3.069"/>
  <system-out/>
  <testcase classname="Execution.formsWorkflowPart3" name="cancelInternalUseForm" time="1.689"/>
  <system-out/>
  <testcase classname="Execution.formsWorkflowPart3" name="addInternalUseForm02" time="1.654"/>
  <system-out/>
  <testcase classname="Execution.formsWorkflowPart3" name="inputFormLabel02" time="2.365"/>
  <system-out/>
  <testcase classname="Execution.formsWorkflowPart3" name="inputFormDesc02" time="3.197"/>
  <system-out/>
  <testcase classname="Execution.formsWorkflowPart3" name="saveInternalUseForm" time="1.676"/>
  <system-out/>
  <testcase classname="Execution.formsWorkflowPart3" name="selectViewAllForms02" time="2.260"/>
  <system-out/>
  <testcase classname="Execution.formsWorkflowPart3" name="selectCurrentFormByXpath03" time="2.666"/>
  <system-out/>
  <testcase classname="Execution.formsWorkflowPart3" name="verifyInternalUseForm" time="1.662"/>
  <system-out/>
  <testcase classname="Execution.formsWorkflowPart3" name="selectInternalUseForm" time="1.668"/>
  <system-out/>
  <testcase classname="Execution.formsWorkflowPart3" name="deleteInternalUseForm" time="1.698"/>
  <system-out/>
  <testcase classname="Execution.formsWorkflowPart3" name="confirmDeleteInternalUseForm" time="1.679"/>
  <system-out/>
  <testcase classname="Execution.formsWorkflowPart3" name="selectCurrentFormByXpath04" time="2.662"/>
  <system-out/>
  <testcase classname="Execution.formsWorkflowPart3" name="selectExportForm" time="1.718"/>
  <system-out/>
  <testcase classname="Execution.formsWorkflowPart3" name="selectViewAllForms03" time="2.289"/>
  <system-out/>
  <testcase classname="Execution.formsWorkflowPart3" name="selectCurrentFormByXpath01" time="2.798"/>
  <system-out/>
  <testcase classname="Execution.formsWorkflowPart3" name="selectEditProperties02" time="1.611"/>
  <system-out/>
  <testcase classname="Execution.formsWorkflowPart3" name="changeFormName" time="4.261"/>
  <system-out/>
  <testcase classname="Execution.formsWorkflowPart3" name="changeDescription" time="3.798"/>
  <system-out/>
  <testcase classname="Execution.formsWorkflowPart3" name="selectNeedToKnow" time="2.781"/>
  <system-out/>
  <testcase classname="Execution.formsWorkflowPart3" name="selectSortPriority02" time="1.646"/>
  <system-out/>
  <testcase classname="Execution.formsWorkflowPart3" name="selectSave" time="1.579"/>
  <system-out/>
  <testcase classname="Execution.formsWorkflowPart3" name="displayCompleteAlert" time="0.443"/>
  <system-out/>
</testsuite> <!-- Execution.formsWorkflowPart3 -->
